<?xml version="1.0" encoding="UTF-8"?>
<!-- Generated by org.testng.reporters.JUnitXMLReporter -->
<testsuite ignored="0" hostname="INFINITY.local" failures="0" tests="3" name="/Users/regiewby/git.server/selenium-framework" time="20.098" errors="0" timestamp="2021-08-04T22:16:39 WIB">
  <testcase classname="com.regiewby.testcases.TestCase" name="testLogin" time="2.001"/>
  <testcase classname="com.regiewby.testcases.TestCase" name="testLogin" time="1.355"/>
  <testcase classname="com.regiewby.testcases.TestCase" name="testShopping" time="3.387"/>
</testsuite> <!-- /Users/regiewby/git.server/selenium-framework -->
