<?xml version="1.0" encoding="UTF-8"?>
<testng-results ignored="0" total="3" passed="3" failed="0" skipped="0">
  <reporter-output>
  </reporter-output>
  <suite started-at="2021-08-04T22:16:18 WIB" name="All Test Suite" finished-at="2021-08-04T22:16:39 WIB" duration-ms="20098">
    <groups>
    </groups>
    <test started-at="2021-08-04T22:16:18 WIB" name="/Users/regiewby/git.server/selenium-framework" finished-at="2021-08-04T22:16:39 WIB" duration-ms="20098">
      <class name="com.regiewby.testcases.TestCase">
        <test-method is-config="true" signature="LaunchApplication()[pri:0, instance:com.regiewby.testcases.TestCase@2fb3536e]" started-at="2021-08-04T22:16:19 WIB" name="LaunchApplication" finished-at="2021-08-04T22:16:24 WIB" duration-ms="4994" status="PASS">
          <reporter-output>
          </reporter-output>
        </test-method> <!-- LaunchApplication -->
        <test-method signature="testLogin(java.lang.Object)[pri:0, instance:com.regiewby.testcases.TestCase@2fb3536e]" started-at="2021-08-04T22:16:24 WIB" name="testLogin" data-provider="loginData" finished-at="2021-08-04T22:16:26 WIB" duration-ms="2001" status="PASS">
          <params>
            <param index="0">
              <value>
                <![CDATA[{Test Case Name=Standard Login, No=1, Test Case Description=Login with valid username, Username=standard_user, Password=secret_sauce}]]>
              </value>
            </param>
          </params>
          <reporter-output>
          </reporter-output>
        </test-method> <!-- testLogin -->
        <test-method is-config="true" signature="tearDown()[pri:0, instance:com.regiewby.testcases.TestCase@2fb3536e]" started-at="2021-08-04T22:16:26 WIB" name="tearDown" finished-at="2021-08-04T22:16:27 WIB" duration-ms="313" status="PASS">
          <reporter-output>
          </reporter-output>
        </test-method> <!-- tearDown -->
        <test-method is-config="true" signature="LaunchApplication()[pri:0, instance:com.regiewby.testcases.TestCase@2fb3536e]" started-at="2021-08-04T22:16:27 WIB" name="LaunchApplication" finished-at="2021-08-04T22:16:30 WIB" duration-ms="3705" status="PASS">
          <reporter-output>
          </reporter-output>
        </test-method> <!-- LaunchApplication -->
        <test-method signature="testLogin(java.lang.Object)[pri:0, instance:com.regiewby.testcases.TestCase@2fb3536e]" started-at="2021-08-04T22:16:30 WIB" name="testLogin" data-provider="loginData" finished-at="2021-08-04T22:16:32 WIB" duration-ms="1355" status="PASS">
          <params>
            <param index="0">
              <value>
                <![CDATA[{Test Case Name=Locked User, No=2, Test Case Description=Login with locked out username, Username=locked_out_user, Password=secret_sauce}]]>
              </value>
            </param>
          </params>
          <reporter-output>
          </reporter-output>
        </test-method> <!-- testLogin -->
        <test-method is-config="true" signature="tearDown()[pri:0, instance:com.regiewby.testcases.TestCase@2fb3536e]" started-at="2021-08-04T22:16:32 WIB" name="tearDown" finished-at="2021-08-04T22:16:32 WIB" duration-ms="148" status="PASS">
          <reporter-output>
          </reporter-output>
        </test-method> <!-- tearDown -->
        <test-method is-config="true" signature="LaunchApplication()[pri:0, instance:com.regiewby.testcases.TestCase@2fb3536e]" started-at="2021-08-04T22:16:32 WIB" name="LaunchApplication" finished-at="2021-08-04T22:16:35 WIB" duration-ms="2999" status="PASS">
          <reporter-output>
          </reporter-output>
        </test-method> <!-- LaunchApplication -->
        <test-method signature="testShopping(java.lang.Object)[pri:0, instance:com.regiewby.testcases.TestCase@2fb3536e]" started-at="2021-08-04T22:16:35 WIB" name="testShopping" data-provider="shoppingData" finished-at="2021-08-04T22:16:38 WIB" duration-ms="3387" status="PASS">
          <params>
            <param index="0">
              <value>
                <![CDATA[{Test Case Name=Standard Login, No=1, Postal Code=10460, Username=standard_user, First Name=Regie, Test Case Description=Login with valid username, Last Name=Wibhiyanto, Password=secret_sauce, Wish List=Sauce Labs Backpack, Sauce Labs Bolt T-Shirt, Sauce Labs Fleece Jacket}]]>
              </value>
            </param>
          </params>
          <reporter-output>
          </reporter-output>
        </test-method> <!-- testShopping -->
        <test-method is-config="true" signature="tearDown()[pri:0, instance:com.regiewby.testcases.TestCase@2fb3536e]" started-at="2021-08-04T22:16:38 WIB" name="tearDown" finished-at="2021-08-04T22:16:39 WIB" duration-ms="169" status="PASS">
          <reporter-output>
          </reporter-output>
        </test-method> <!-- tearDown -->
      </class> <!-- com.regiewby.testcases.TestCase -->
    </test> <!-- /Users/regiewby/git.server/selenium-framework -->
  </suite> <!-- All Test Suite -->
</testng-results>
