<?xml version="1.0" encoding="UTF-8"?>
<testng-results ignored="0" total="1" passed="1" failed="0" skipped="0">
  <reporter-output>
  </reporter-output>
  <suite started-at="2021-07-25T14:57:48 WIB" name="All Test Suite" finished-at="2021-07-25T14:57:55 WIB" duration-ms="6928">
    <groups>
    </groups>
    <test started-at="2021-07-25T14:57:48 WIB" name="/Users/regiewby/git.server/selenium-framework" finished-at="2021-07-25T14:57:55 WIB" duration-ms="6928">
      <class name="com.regiewby.testcases.TestCase">
        <test-method is-config="true" signature="LaunchApplication()[pri:0, instance:com.regiewby.testcases.TestCase@50dfbc58]" started-at="2021-07-25T14:57:48 WIB" name="LaunchApplication" finished-at="2021-07-25T14:57:53 WIB" duration-ms="4732" status="PASS">
          <reporter-output>
          </reporter-output>
        </test-method> <!-- LaunchApplication -->
        <test-method signature="testCase1()[pri:0, instance:com.regiewby.testcases.TestCase@50dfbc58]" started-at="2021-07-25T14:57:53 WIB" name="testCase1" finished-at="2021-07-25T14:57:54 WIB" duration-ms="1510" status="PASS">
          <reporter-output>
          </reporter-output>
        </test-method> <!-- testCase1 -->
        <test-method is-config="true" signature="tearDown()[pri:0, instance:com.regiewby.testcases.TestCase@50dfbc58]" started-at="2021-07-25T14:57:54 WIB" name="tearDown" finished-at="2021-07-25T14:57:55 WIB" duration-ms="260" status="PASS">
          <reporter-output>
          </reporter-output>
        </test-method> <!-- tearDown -->
      </class> <!-- com.regiewby.testcases.TestCase -->
    </test> <!-- /Users/regiewby/git.server/selenium-framework -->
  </suite> <!-- All Test Suite -->
</testng-results>
